[0.753s] Invoking command in '/home/yasui/ros2_ws/src/mypkg': PYTHONPATH=/home/yasui/ros2_ws/build/mypkg/prefix_override:/usr/lib/python3/dist-packages/colcon_core/task/python/colcon_distutils_commands:/home/yasui/ros2_ws/install/mypkg/lib/python3.10/site-packages:${PYTHONPATH} /usr/bin/python3 -W ignore:setup.py install is deprecated setup.py egg_info --egg-base ../../build/mypkg build --build-base /home/yasui/ros2_ws/build/mypkg/build install --record /home/yasui/ros2_ws/build/mypkg/install.log --single-version-externally-managed install_data
[1.026s] running egg_info
[1.027s] writing ../../build/mypkg/mypkg.egg-info/PKG-INFO
[1.028s] writing dependency_links to ../../build/mypkg/mypkg.egg-info/dependency_links.txt
[1.028s] writing entry points to ../../build/mypkg/mypkg.egg-info/entry_points.txt
[1.028s] writing requirements to ../../build/mypkg/mypkg.egg-info/requires.txt
[1.028s] writing top-level names to ../../build/mypkg/mypkg.egg-info/top_level.txt
[1.031s] reading manifest file '../../build/mypkg/mypkg.egg-info/SOURCES.txt'
[1.033s] writing manifest file '../../build/mypkg/mypkg.egg-info/SOURCES.txt'
[1.033s] running build
[1.033s] running build_py
[1.034s] running install
[1.035s] running install_lib
[1.036s] running install_data
[1.037s] copying package.xml -> /home/yasui/ros2_ws/install/mypkg/share/mypkg
[1.038s] running install_egg_info
[1.041s] removing '/home/yasui/ros2_ws/install/mypkg/lib/python3.10/site-packages/mypkg-0.0.0-py3.10.egg-info' (and everything under it)
[1.042s] Copying ../../build/mypkg/mypkg.egg-info to /home/yasui/ros2_ws/install/mypkg/lib/python3.10/site-packages/mypkg-0.0.0-py3.10.egg-info
[1.045s] running install_scripts
[1.075s] Installing talker script to /home/yasui/ros2_ws/install/mypkg/lib/mypkg
[1.076s] writing list of installed files to '/home/yasui/ros2_ws/build/mypkg/install.log'
[1.108s] Invoked command in '/home/yasui/ros2_ws/src/mypkg' returned '0': PYTHONPATH=/home/yasui/ros2_ws/build/mypkg/prefix_override:/usr/lib/python3/dist-packages/colcon_core/task/python/colcon_distutils_commands:/home/yasui/ros2_ws/install/mypkg/lib/python3.10/site-packages:${PYTHONPATH} /usr/bin/python3 -W ignore:setup.py install is deprecated setup.py egg_info --egg-base ../../build/mypkg build --build-base /home/yasui/ros2_ws/build/mypkg/build install --record /home/yasui/ros2_ws/build/mypkg/install.log --single-version-externally-managed install_data
