[0.874s] Invoking command in '/home/yasui/ros2_ws/src/mypkg': PYTHONPATH=/home/yasui/ros2_ws/build/mypkg/prefix_override:/usr/lib/python3/dist-packages/colcon_core/task/python/colcon_distutils_commands:/home/yasui/ros2_ws/install/mypkg/lib/python3.10/site-packages:${PYTHONPATH} /usr/bin/python3 -W ignore:setup.py install is deprecated setup.py egg_info --egg-base ../../build/mypkg build --build-base /home/yasui/ros2_ws/build/mypkg/build install --record /home/yasui/ros2_ws/build/mypkg/install.log --single-version-externally-managed install_data
[1.170s] running egg_info
[1.170s] creating ../../build/mypkg/mypkg.egg-info
[1.171s] writing ../../build/mypkg/mypkg.egg-info/PKG-INFO
[1.171s] writing dependency_links to ../../build/mypkg/mypkg.egg-info/dependency_links.txt
[1.171s] writing entry points to ../../build/mypkg/mypkg.egg-info/entry_points.txt
[1.172s] writing requirements to ../../build/mypkg/mypkg.egg-info/requires.txt
[1.172s] writing top-level names to ../../build/mypkg/mypkg.egg-info/top_level.txt
[1.172s] writing manifest file '../../build/mypkg/mypkg.egg-info/SOURCES.txt'
[1.174s] reading manifest file '../../build/mypkg/mypkg.egg-info/SOURCES.txt'
[1.175s] writing manifest file '../../build/mypkg/mypkg.egg-info/SOURCES.txt'
[1.175s] running build
[1.175s] running build_py
[1.175s] creating /home/yasui/ros2_ws/build/mypkg/build
[1.176s] creating /home/yasui/ros2_ws/build/mypkg/build/lib
[1.177s] creating /home/yasui/ros2_ws/build/mypkg/build/lib/mypkg
[1.178s] copying mypkg/__init__.py -> /home/yasui/ros2_ws/build/mypkg/build/lib/mypkg
[1.178s] running install
[1.178s] running install_lib
[1.179s] creating /home/yasui/ros2_ws/install/mypkg/lib/python3.10/site-packages/mypkg
[1.180s] copying /home/yasui/ros2_ws/build/mypkg/build/lib/mypkg/__init__.py -> /home/yasui/ros2_ws/install/mypkg/lib/python3.10/site-packages/mypkg
[1.180s] byte-compiling /home/yasui/ros2_ws/install/mypkg/lib/python3.10/site-packages/mypkg/__init__.py to __init__.cpython-310.pyc
[1.182s] running install_data
[1.182s] creating /home/yasui/ros2_ws/install/mypkg/share/ament_index
[1.182s] creating /home/yasui/ros2_ws/install/mypkg/share/ament_index/resource_index
[1.183s] creating /home/yasui/ros2_ws/install/mypkg/share/ament_index/resource_index/packages
[1.183s] copying resource/mypkg -> /home/yasui/ros2_ws/install/mypkg/share/ament_index/resource_index/packages
[1.183s] copying package.xml -> /home/yasui/ros2_ws/install/mypkg/share/mypkg
[1.183s] running install_egg_info
[1.186s] Copying ../../build/mypkg/mypkg.egg-info to /home/yasui/ros2_ws/install/mypkg/lib/python3.10/site-packages/mypkg-0.0.0-py3.10.egg-info
[1.187s] running install_scripts
[1.218s] writing list of installed files to '/home/yasui/ros2_ws/build/mypkg/install.log'
[1.252s] Invoked command in '/home/yasui/ros2_ws/src/mypkg' returned '0': PYTHONPATH=/home/yasui/ros2_ws/build/mypkg/prefix_override:/usr/lib/python3/dist-packages/colcon_core/task/python/colcon_distutils_commands:/home/yasui/ros2_ws/install/mypkg/lib/python3.10/site-packages:${PYTHONPATH} /usr/bin/python3 -W ignore:setup.py install is deprecated setup.py egg_info --egg-base ../../build/mypkg build --build-base /home/yasui/ros2_ws/build/mypkg/build install --record /home/yasui/ros2_ws/build/mypkg/install.log --single-version-externally-managed install_data
