[0.795s] Invoking command in '/home/yasui/ros2_ws/src/mypkg': PYTHONPATH=/home/yasui/ros2_ws/build/mypkg/prefix_override:/usr/lib/python3/dist-packages/colcon_core/task/python/colcon_distutils_commands:/home/yasui/ros2_ws/install/mypkg/lib/python3.10/site-packages:${PYTHONPATH} /usr/bin/python3 -W ignore:setup.py install is deprecated setup.py egg_info --egg-base ../../build/mypkg build --build-base /home/yasui/ros2_ws/build/mypkg/build install --record /home/yasui/ros2_ws/build/mypkg/install.log --single-version-externally-managed install_data
[1.016s] running egg_info
[1.018s] writing ../../build/mypkg/mypkg.egg-info/PKG-INFO
[1.018s] writing dependency_links to ../../build/mypkg/mypkg.egg-info/dependency_links.txt
[1.019s] writing entry points to ../../build/mypkg/mypkg.egg-info/entry_points.txt
[1.019s] writing requirements to ../../build/mypkg/mypkg.egg-info/requires.txt
[1.019s] writing top-level names to ../../build/mypkg/mypkg.egg-info/top_level.txt
[1.022s] reading manifest file '../../build/mypkg/mypkg.egg-info/SOURCES.txt'
[1.023s] writing manifest file '../../build/mypkg/mypkg.egg-info/SOURCES.txt'
[1.024s] running build
[1.025s] running build_py
[1.025s] running install
[1.025s] running install_lib
[1.029s] running install_data
[1.029s] copying package.xml -> /home/yasui/ros2_ws/install/mypkg/share/mypkg
[1.030s] running install_egg_info
[1.032s] removing '/home/yasui/ros2_ws/install/mypkg/lib/python3.10/site-packages/mypkg-0.0.0-py3.10.egg-info' (and everything under it)
[1.033s] Copying ../../build/mypkg/mypkg.egg-info to /home/yasui/ros2_ws/install/mypkg/lib/python3.10/site-packages/mypkg-0.0.0-py3.10.egg-info
[1.035s] running install_scripts
[1.058s] Installing listener script to /home/yasui/ros2_ws/install/mypkg/lib/mypkg
[1.058s] Installing talker script to /home/yasui/ros2_ws/install/mypkg/lib/mypkg
[1.059s] writing list of installed files to '/home/yasui/ros2_ws/build/mypkg/install.log'
[1.086s] Invoked command in '/home/yasui/ros2_ws/src/mypkg' returned '0': PYTHONPATH=/home/yasui/ros2_ws/build/mypkg/prefix_override:/usr/lib/python3/dist-packages/colcon_core/task/python/colcon_distutils_commands:/home/yasui/ros2_ws/install/mypkg/lib/python3.10/site-packages:${PYTHONPATH} /usr/bin/python3 -W ignore:setup.py install is deprecated setup.py egg_info --egg-base ../../build/mypkg build --build-base /home/yasui/ros2_ws/build/mypkg/build install --record /home/yasui/ros2_ws/build/mypkg/install.log --single-version-externally-managed install_data
