[0.881s] Invoking command in '/home/yasui/ros2_ws/src/mypkg': PYTHONPATH=/home/yasui/ros2_ws/build/mypkg/prefix_override:/usr/lib/python3/dist-packages/colcon_core/task/python/colcon_distutils_commands:/home/yasui/ros2_ws/install/mypkg/lib/python3.10/site-packages:${PYTHONPATH} /usr/bin/python3 -W ignore:setup.py install is deprecated setup.py egg_info --egg-base ../../build/mypkg build --build-base /home/yasui/ros2_ws/build/mypkg/build install --record /home/yasui/ros2_ws/build/mypkg/install.log --single-version-externally-managed install_data
[1.186s] running egg_info
[1.187s] writing ../../build/mypkg/mypkg.egg-info/PKG-INFO
[1.188s] writing dependency_links to ../../build/mypkg/mypkg.egg-info/dependency_links.txt
[1.188s] writing entry points to ../../build/mypkg/mypkg.egg-info/entry_points.txt
[1.189s] writing requirements to ../../build/mypkg/mypkg.egg-info/requires.txt
[1.189s] writing top-level names to ../../build/mypkg/mypkg.egg-info/top_level.txt
[1.192s] reading manifest file '../../build/mypkg/mypkg.egg-info/SOURCES.txt'
[1.194s] writing manifest file '../../build/mypkg/mypkg.egg-info/SOURCES.txt'
[1.195s] running build
[1.195s] running build_py
[1.195s] running install
[1.195s] running install_lib
[1.199s] running install_data
[1.199s] running install_egg_info
[1.201s] removing '/home/yasui/ros2_ws/install/mypkg/lib/python3.10/site-packages/mypkg-0.0.0-py3.10.egg-info' (and everything under it)
[1.204s] Copying ../../build/mypkg/mypkg.egg-info to /home/yasui/ros2_ws/install/mypkg/lib/python3.10/site-packages/mypkg-0.0.0-py3.10.egg-info
[1.207s] running install_scripts
[1.237s] Installing talker script to /home/yasui/ros2_ws/install/mypkg/lib/mypkg
[1.237s] writing list of installed files to '/home/yasui/ros2_ws/build/mypkg/install.log'
[1.272s] Invoked command in '/home/yasui/ros2_ws/src/mypkg' returned '0': PYTHONPATH=/home/yasui/ros2_ws/build/mypkg/prefix_override:/usr/lib/python3/dist-packages/colcon_core/task/python/colcon_distutils_commands:/home/yasui/ros2_ws/install/mypkg/lib/python3.10/site-packages:${PYTHONPATH} /usr/bin/python3 -W ignore:setup.py install is deprecated setup.py egg_info --egg-base ../../build/mypkg build --build-base /home/yasui/ros2_ws/build/mypkg/build install --record /home/yasui/ros2_ws/build/mypkg/install.log --single-version-externally-managed install_data
